#! /c/Source/iverilog-install/bin/vvp
:ivl_version "12.0 (devel)" "(s20150603-1539-g2693dd32b)";
:ivl_delay_selection "TYPICAL";
:vpi_time_precision - 11;
:vpi_module "C:\iverilog\lib\ivl\system.vpi";
:vpi_module "C:\iverilog\lib\ivl\vhdl_sys.vpi";
:vpi_module "C:\iverilog\lib\ivl\vhdl_textio.vpi";
:vpi_module "C:\iverilog\lib\ivl\v2005_math.vpi";
:vpi_module "C:\iverilog\lib\ivl\va_math.vpi";
S_0000020edc07a000 .scope module, "tb_dff_r" "tb_dff_r" 2 21;
 .timescale -9 -11;
v0000020edc092d00_0 .var "clk", 0 0;
v0000020edc0c2c00_0 .var "d", 0 0;
v0000020edc0c2ca0_0 .net "nq", 0 0, L_0000020edc07c3f0;  1 drivers
v0000020edc0c2d40_0 .net "q", 0 0, v0000020edc092bc0_0;  1 drivers
v0000020edc0c2de0_0 .var "rst", 0 0;
S_0000020edc092990 .scope module, "dff1" "dff_r" 2 25, 2 4 0, S_0000020edc07a000;
 .timescale -9 -11;
    .port_info 0 /INPUT 1 "d";
    .port_info 1 /INPUT 1 "clk";
    .port_info 2 /INPUT 1 "rst";
    .port_info 3 /OUTPUT 1 "q";
    .port_info 4 /OUTPUT 1 "nq";
L_0000020edc07c3f0 .functor NOT 1, v0000020edc092bc0_0, C4<0>, C4<0>, C4<0>;
v0000020edc0cbe50_0 .net "clk", 0 0, v0000020edc092d00_0;  1 drivers
v0000020edc07c350_0 .net "d", 0 0, v0000020edc0c2c00_0;  1 drivers
v0000020edc092b20_0 .net "nq", 0 0, L_0000020edc07c3f0;  alias, 1 drivers
v0000020edc092bc0_0 .var "q", 0 0;
v0000020edc092c60_0 .net "rst", 0 0, v0000020edc0c2de0_0;  1 drivers
E_0000020edc078830/0 .event negedge, v0000020edc0cbe50_0;
E_0000020edc078830/1 .event posedge, v0000020edc092c60_0;
E_0000020edc078830 .event/or E_0000020edc078830/0, E_0000020edc078830/1;
    .scope S_0000020edc092990;
T_0 ;
    %wait E_0000020edc078830;
    %load/vec4 v0000020edc092c60_0;
    %load/vec4 v0000020edc092bc0_0;
    %cmp/e;
    %jmp/0xz  T_0.0, 4;
    %pushi/vec4 0, 0, 1;
    %store/vec4 v0000020edc092bc0_0, 0, 1;
    %jmp T_0.1;
T_0.0 ;
    %load/vec4 v0000020edc07c350_0;
    %store/vec4 v0000020edc092bc0_0, 0, 1;
T_0.1 ;
    %jmp T_0;
    .thread T_0;
    .scope S_0000020edc07a000;
T_1 ;
    %vpi_call 2 28 "$dumpfile", "tb_dff_r.vcd" {0 0 0};
    %vpi_call 2 29 "$dumpvars", 32'sb00000000000000000000000000000001, S_0000020edc07a000 {0 0 0};
    %pushi/vec4 0, 0, 1;
    %store/vec4 v0000020edc0c2c00_0, 0, 1;
    %pushi/vec4 0, 0, 1;
    %store/vec4 v0000020edc092d00_0, 0, 1;
    %delay 2500, 0;
    %pushi/vec4 1, 0, 1;
    %store/vec4 v0000020edc0c2c00_0, 0, 1;
    %delay 700, 0;
    %pushi/vec4 0, 0, 1;
    %store/vec4 v0000020edc0c2c00_0, 0, 1;
    %delay 700, 0;
    %pushi/vec4 1, 0, 1;
    %store/vec4 v0000020edc0c2c00_0, 0, 1;
    %delay 1200, 0;
    %pushi/vec4 0, 0, 1;
    %store/vec4 v0000020edc0c2c00_0, 0, 1;
    %delay 3000, 0;
    %vpi_call 2 36 "$finish" {0 0 0};
    %end;
    .thread T_1;
    .scope S_0000020edc07a000;
T_2 ;
    %pushi/vec4 0, 0, 1;
    %store/vec4 v0000020edc0c2de0_0, 0, 1;
    %delay 100, 0;
    %pushi/vec4 1, 0, 1;
    %store/vec4 v0000020edc0c2de0_0, 0, 1;
    %delay 400, 0;
    %pushi/vec4 0, 0, 1;
    %store/vec4 v0000020edc0c2de0_0, 0, 1;
    %delay 5000, 0;
    %pushi/vec4 1, 0, 1;
    %store/vec4 v0000020edc0c2de0_0, 0, 1;
    %delay 5100, 0;
    %pushi/vec4 0, 0, 1;
    %store/vec4 v0000020edc0c2de0_0, 0, 1;
    %end;
    .thread T_2;
    .scope S_0000020edc07a000;
T_3 ;
    %delay 1000, 0;
    %load/vec4 v0000020edc092d00_0;
    %inv;
    %store/vec4 v0000020edc092d00_0, 0, 1;
    %jmp T_3;
    .thread T_3;
# The file index is used to find the file name in the following table.
:file_names 3;
    "N/A";
    "<interactive>";
    "dff_reset.v";
