#! /c/Source/iverilog-install/bin/vvp
:ivl_version "12.0 (devel)" "(s20150603-1539-g2693dd32b)";
:ivl_delay_selection "TYPICAL";
:vpi_time_precision - 11;
:vpi_module "C:\iverilog\lib\ivl\system.vpi";
:vpi_module "C:\iverilog\lib\ivl\vhdl_sys.vpi";
:vpi_module "C:\iverilog\lib\ivl\vhdl_textio.vpi";
:vpi_module "C:\iverilog\lib\ivl\v2005_math.vpi";
:vpi_module "C:\iverilog\lib\ivl\va_math.vpi";
S_00000225981d4f50 .scope module, "tb_dff_r" "tb_dff_r" 2 21;
 .timescale -9 -11;
v00000225981b2c90_0 .var "clk", 0 0;
v00000225981b2d30_0 .var "d", 0 0;
v0000022598230830_0 .net "nq", 0 0, L_00000225981b2dd0;  1 drivers
v00000225982308d0_0 .net "q", 0 0, v00000225981b2b50_0;  1 drivers
v0000022598230970_0 .var "rst", 0 0;
S_00000225981b29c0 .scope module, "dff1" "dff_r" 2 25, 2 4 0, S_00000225981d4f50;
 .timescale -9 -11;
    .port_info 0 /INPUT 1 "d";
    .port_info 1 /INPUT 1 "clk";
    .port_info 2 /INPUT 1 "rst";
    .port_info 3 /OUTPUT 1 "q";
    .port_info 4 /OUTPUT 1 "nq";
L_00000225981b2dd0 .functor NOT 1, v00000225981b2b50_0, C4<0>, C4<0>, C4<0>;
v0000022598318690_0 .net "clk", 0 0, v00000225981b2c90_0;  1 drivers
v000002259831c2e0_0 .net "d", 0 0, v00000225981b2d30_0;  1 drivers
v000002259831c380_0 .net "nq", 0 0, L_00000225981b2dd0;  alias, 1 drivers
v00000225981b2b50_0 .var "q", 0 0;
v00000225981b2bf0_0 .net "rst", 0 0, v0000022598230970_0;  1 drivers
E_0000022598319390/0 .event negedge, v0000022598318690_0;
E_0000022598319390/1 .event posedge, v00000225981b2bf0_0;
E_0000022598319390 .event/or E_0000022598319390/0, E_0000022598319390/1;
    .scope S_00000225981b29c0;
T_0 ;
    %wait E_0000022598319390;
    %load/vec4 v00000225981b2bf0_0;
    %pad/u 32;
    %cmpi/e 1, 0, 32;
    %jmp/0xz  T_0.0, 4;
    %pushi/vec4 0, 0, 1;
    %store/vec4 v00000225981b2b50_0, 0, 1;
    %jmp T_0.1;
T_0.0 ;
    %load/vec4 v000002259831c2e0_0;
    %store/vec4 v00000225981b2b50_0, 0, 1;
T_0.1 ;
    %jmp T_0;
    .thread T_0;
    .scope S_00000225981d4f50;
T_1 ;
    %vpi_call 2 28 "$dumpfile", "tb_dff_r.vcd" {0 0 0};
    %vpi_call 2 29 "$dumpvars", 32'sb00000000000000000000000000000001, S_00000225981d4f50 {0 0 0};
    %pushi/vec4 0, 0, 1;
    %store/vec4 v00000225981b2d30_0, 0, 1;
    %pushi/vec4 0, 0, 1;
    %store/vec4 v00000225981b2c90_0, 0, 1;
    %delay 2500, 0;
    %pushi/vec4 1, 0, 1;
    %store/vec4 v00000225981b2d30_0, 0, 1;
    %delay 700, 0;
    %pushi/vec4 0, 0, 1;
    %store/vec4 v00000225981b2d30_0, 0, 1;
    %delay 700, 0;
    %pushi/vec4 1, 0, 1;
    %store/vec4 v00000225981b2d30_0, 0, 1;
    %delay 1200, 0;
    %pushi/vec4 0, 0, 1;
    %store/vec4 v00000225981b2d30_0, 0, 1;
    %delay 3000, 0;
    %vpi_call 2 36 "$finish" {0 0 0};
    %end;
    .thread T_1;
    .scope S_00000225981d4f50;
T_2 ;
    %fork t_1, S_00000225981d4f50;
    %fork t_2, S_00000225981d4f50;
    %fork t_3, S_00000225981d4f50;
    %fork t_4, S_00000225981d4f50;
    %fork t_5, S_00000225981d4f50;
    %join;
    %join;
    %join;
    %join;
    %join;
    %jmp t_0;
t_1 ;
    %pushi/vec4 0, 0, 1;
    %store/vec4 v0000022598230970_0, 0, 1;
    %end;
t_2 ;
    %delay 100, 0;
    %pushi/vec4 1, 0, 1;
    %store/vec4 v0000022598230970_0, 0, 1;
    %end;
t_3 ;
    %delay 400, 0;
    %pushi/vec4 0, 0, 1;
    %store/vec4 v0000022598230970_0, 0, 1;
    %end;
t_4 ;
    %delay 5000, 0;
    %pushi/vec4 1, 0, 1;
    %store/vec4 v0000022598230970_0, 0, 1;
    %end;
t_5 ;
    %delay 5100, 0;
    %pushi/vec4 0, 0, 1;
    %store/vec4 v0000022598230970_0, 0, 1;
    %end;
    .scope S_00000225981d4f50;
t_0 ;
    %end;
    .thread T_2;
    .scope S_00000225981d4f50;
T_3 ;
    %delay 1000, 0;
    %load/vec4 v00000225981b2c90_0;
    %inv;
    %store/vec4 v00000225981b2c90_0, 0, 1;
    %jmp T_3;
    .thread T_3;
# The file index is used to find the file name in the following table.
:file_names 3;
    "N/A";
    "<interactive>";
    "dff_reset.v";
