#! /c/Source/iverilog-install/bin/vvp
:ivl_version "12.0 (devel)" "(s20150603-1539-g2693dd32b)";
:ivl_delay_selection "TYPICAL";
:vpi_time_precision - 9;
:vpi_module "C:\iverilog\lib\ivl\system.vpi";
:vpi_module "C:\iverilog\lib\ivl\vhdl_sys.vpi";
:vpi_module "C:\iverilog\lib\ivl\vhdl_textio.vpi";
:vpi_module "C:\iverilog\lib\ivl\v2005_math.vpi";
:vpi_module "C:\iverilog\lib\ivl\va_math.vpi";
S_0000021c5419a0a0 .scope module, "tb_inv" "tb_inv" 2 1;
 .timescale -9 -9;
v0000021c54198ff0_0 .var "x", 0 0;
v0000021c541e6880_0 .net "y_inv", 0 0, L_0000021c541b3010;  1 drivers
v0000021c541e6920_0 .net "y_inv_delay", 0 0, L_0000021c541e58e0;  1 drivers
S_0000021c541e6560 .scope module, "i1" "inverter" 2 6, 3 3 0, S_0000021c5419a0a0;
 .timescale -9 -9;
    .port_info 0 /INPUT 1 "x";
    .port_info 1 /OUTPUT 1 "y";
L_0000021c541b3010 .functor NOT 1, v0000021c54198ff0_0, C4<0>, C4<0>, C4<0>;
v0000021c541b3230_0 .net "x", 0 0, v0000021c54198ff0_0;  1 drivers
v0000021c541b2d70_0 .net "y", 0 0, L_0000021c541b3010;  alias, 1 drivers
S_0000021c541e66f0 .scope module, "id1" "inverter_delay" 2 5, 4 3 0, S_0000021c5419a0a0;
 .timescale -9 -9;
    .port_info 0 /INPUT 1 "x";
    .port_info 1 /OUTPUT 1 "y";
L_0000021c541e58e0/d .functor NOT 1, v0000021c54198ff0_0, C4<0>, C4<0>, C4<0>;
L_0000021c541e58e0 .delay 1 (2,2,2) L_0000021c541e58e0/d;
v0000021c54199da0_0 .net "x", 0 0, v0000021c54198ff0_0;  alias, 1 drivers
v0000021c54198f50_0 .net "y", 0 0, L_0000021c541e58e0;  alias, 1 drivers
    .scope S_0000021c5419a0a0;
T_0 ;
    %vpi_call 2 9 "$dumpfile", "tb_inv_delay.vcd" {0 0 0};
    %vpi_call 2 10 "$dumpvars", 32'sb00000000000000000000000000000001, S_0000021c5419a0a0 {0 0 0};
    %pushi/vec4 0, 0, 1;
    %store/vec4 v0000021c54198ff0_0, 0, 1;
    %delay 10, 0;
    %pushi/vec4 1, 0, 1;
    %store/vec4 v0000021c54198ff0_0, 0, 1;
    %delay 10, 0;
    %pushi/vec4 0, 0, 1;
    %store/vec4 v0000021c54198ff0_0, 0, 1;
    %delay 10, 0;
    %pushi/vec4 1, 0, 1;
    %store/vec4 v0000021c54198ff0_0, 0, 1;
    %delay 10, 0;
    %vpi_call 2 15 "$finish" {0 0 0};
    %end;
    .thread T_0;
# The file index is used to find the file name in the following table.
:file_names 5;
    "N/A";
    "<interactive>";
    "inv_tb.v";
    "inverter.v";
    "inverter_delay.v";
